<?xml version="1.0" encoding="UTF-8"?>
<!-- Generated by org.testng.reporters.JUnitXMLReporter -->
<testsuite hostname="manuelfvalless" name="Test" tests="1" failures="1" timestamp="12 Nov 2018 16:16:04 GMT" time="66.597" errors="0">
  <testcase name="testTCCarteraRecaudacionRetomar" time="61.733" classname="cartera.TC_Cartera_Recaudacion_Retomar">
    <failure type="org.openqa.selenium.ElementNotInteractableException" message="You may only interact with visible elements
Build info: version: &amp;apos;3.14.0&amp;apos;, revision: &amp;apos;aacccce0&amp;apos;, time: &amp;apos;2018-08-02T20:13:22.693Z&amp;apos;
System info: host: &amp;apos;MANUELFVALLESS&amp;apos;, ip: &amp;apos;192.168.0.145&amp;apos;, os.name: &amp;apos;Windows 7&amp;apos;, os.arch: &amp;apos;amd64&amp;apos;, os.version: &amp;apos;6.1&amp;apos;, java.version: &amp;apos;1.8.0_181&amp;apos;
Driver info: driver.version: unknown">
      <![CDATA[org.openqa.selenium.ElementNotInteractableException: You may only interact with visible elements
Build info: version: '3.14.0', revision: 'aacccce0', time: '2018-08-02T20:13:22.693Z'
System info: host: 'MANUELFVALLESS', ip: '192.168.0.145', os.name: 'Windows 7', os.arch: 'amd64', os.version: '6.1', java.version: '1.8.0_181'
Driver info: driver.version: unknown
	at org.openqa.selenium.htmlunit.HtmlUnitWebElement.verifyCanInteractWithElement(HtmlUnitWebElement.java:260)
	at org.openqa.selenium.htmlunit.HtmlUnitWebElement.click(HtmlUnitWebElement.java:135)
	at org.openqa.selenium.support.ui.Select.setSelected(Select.java:324)
	at org.openqa.selenium.support.ui.Select.selectByVisibleText(Select.java:120)
	at cartera.TC_Cartera_Recaudacion_Retomar.testTCCarteraRecaudacionRetomar(TC_Cartera_Recaudacion_Retomar.java:44)
... Removed 24 stack frames]]>
    </failure>
  </testcase> <!-- testTCCarteraRecaudacionRetomar -->
</testsuite> <!-- Test -->
